[    1070ms] [INFO] %cDownload the React DevTools for a better development experience: https://react.dev/link/react-devtools font-weight:bold @ http://localhost:5173/node_modules/.vite/deps/client-D9ZwVOmx.js?v=890a913d:14337
[   56118ms] [ERROR] Warning: [antd: Tag] `bordered={false}` is deprecated. Please use `variant="filled"` instead. @ http://localhost:5173/node_modules/.vite/deps/ref-Pg8Brs9r.js?v=890a913d:1259
[  164362ms] [INFO] %cDownload the React DevTools for a better development experience: https://react.dev/link/react-devtools font-weight:bold @ http://localhost:5173/node_modules/.vite/deps/client-D9ZwVOmx.js?v=890a913d:14337
[  164885ms] [ERROR] Warning: [antd: Tag] `bordered={false}` is deprecated. Please use `variant="filled"` instead. @ http://localhost:5173/node_modules/.vite/deps/ref-Pg8Brs9r.js?v=890a913d:1259
[  567431ms] [ERROR] Failed to load resource: the server responded with a status of 504 (Outdated Optimize Dep) @ http://localhost:5173/node_modules/.vite/deps/@ant-design_icons_PlusOutlined.js?v=4874d172:0
[  567432ms] [ERROR] Failed to load resource: the server responded with a status of 504 (Outdated Optimize Dep) @ http://localhost:5173/node_modules/.vite/deps/@ant-design_icons_SearchOutlined.js?v=d545f291:0
[  567432ms] [ERROR] Failed to load resource: the server responded with a status of 504 (Outdated Optimize Dep) @ http://localhost:5173/node_modules/.vite/deps/antd_es_button.js?v=065819eb:0
[  567432ms] [ERROR] Failed to load resource: the server responded with a status of 504 (Outdated Optimize Dep) @ http://localhost:5173/node_modules/.vite/deps/antd_es_input.js?v=fba80a63:0
[  567432ms] [ERROR] Failed to load resource: the server responded with a status of 504 (Outdated Optimize Dep) @ http://localhost:5173/node_modules/.vite/deps/antd_es_tag.js?v=d6a405e8:0
[  567432ms] [ERROR] Failed to load resource: the server responded with a status of 504 (Outdated Optimize Dep) @ http://localhost:5173/node_modules/.vite/deps/antd_es_typography.js?v=706be25a:0
[  567433ms] [ERROR] [vite] Failed to reload /src/app/App.tsx. This could be due to syntax errors or importing non-existent modules. (see errors above) @ http://localhost:5173/@vite/client:904
[  567433ms] [ERROR] Failed to load resource: the server responded with a status of 504 (Outdated Optimize Dep) @ http://localhost:5173/node_modules/.vite/deps/@ant-design_x_es_conversations.js?v=272271c0:0
[  567433ms] [ERROR] Failed to load resource: the server responded with a status of 504 (Outdated Optimize Dep) @ http://localhost:5173/node_modules/.vite/deps/@ant-design_x_es_sender.js?v=812fb1b4:0
[  567434ms] [ERROR] Failed to load resource: the server responded with a status of 504 (Outdated Optimize Dep) @ http://localhost:5173/node_modules/.vite/deps/@ant-design_icons_BulbOutlined.js?v=fa953f75:0
[  567434ms] [ERROR] Failed to load resource: the server responded with a status of 504 (Outdated Optimize Dep) @ http://localhost:5173/node_modules/.vite/deps/@ant-design_x_es_prompts.js?v=458de941:0
[  567434ms] [ERROR] Failed to load resource: the server responded with a status of 504 (Outdated Optimize Dep) @ http://localhost:5173/node_modules/.vite/deps/@ant-design_x_es_welcome.js?v=a0a46ff4:0
[  567434ms] [ERROR] Failed to load resource: the server responded with a status of 504 (Outdated Optimize Dep) @ http://localhost:5173/node_modules/.vite/deps/antd_es_select.js?v=d1ad492c:0
[  567436ms] [ERROR] Failed to load resource: the server responded with a status of 504 (Outdated Optimize Dep) @ http://localhost:5173/node_modules/.vite/deps/@ant-design_icons_CopyOutlined.js?v=bf864648:0
[  567436ms] [ERROR] Failed to load resource: the server responded with a status of 504 (Outdated Optimize Dep) @ http://localhost:5173/node_modules/.vite/deps/@ant-design_icons_ReloadOutlined.js?v=2cc56f20:0
[  567437ms] [ERROR] Failed to load resource: the server responded with a status of 504 (Outdated Optimize Dep) @ http://localhost:5173/node_modules/.vite/deps/antd_es_app.js?v=87077302:0
[  567437ms] [ERROR] Failed to load resource: the server responded with a status of 504 (Outdated Optimize Dep) @ http://localhost:5173/node_modules/.vite/deps/@ant-design_x_es_bubble.js?v=9070643b:0
[  573219ms] [INFO] %cDownload the React DevTools for a better development experience: https://react.dev/link/react-devtools font-weight:bold @ http://localhost:5173/node_modules/.vite/deps/client-Dm1Uc4ec.js?v=903df016:14337
[  573234ms] [ERROR] [vite] Failed to reload /src/features/chat/ui/ChatComposer.tsx. This could be due to syntax errors or importing non-existent modules. (see errors above) @ http://localhost:5173/@vite/client:904
[  573234ms] [ERROR] [vite] Failed to reload /src/features/chat/ui/ChatHeader.tsx. This could be due to syntax errors or importing non-existent modules. (see errors above) @ http://localhost:5173/@vite/client:904
[  573263ms] [ERROR] Invalid hook call. Hooks can only be called inside of the body of a function component. This could happen for one of the following reasons:
1. You might have mismatching versions of React and the renderer (such as React DOM)
2. You might be breaking the Rules of Hooks
3. You might have more than one copy of React in the same app
See https://react.dev/link/invalid-hook-call for tips about how to debug and fix this problem. @ http://localhost:5173/node_modules/.vite/deps/react.js?v=7e7bae02:296
[  573267ms] [ERROR] Invalid hook call. Hooks can only be called inside of the body of a function component. This could happen for one of the following reasons:
1. You might have mismatching versions of React and the renderer (such as React DOM)
2. You might be breaking the Rules of Hooks
3. You might have more than one copy of React in the same app
See https://react.dev/link/invalid-hook-call for tips about how to debug and fix this problem. @ http://localhost:5173/node_modules/.vite/deps/react.js?v=7e7bae02:296
[  573275ms] TypeError: Cannot read properties of null (reading 'useContext')
    at exports.useContext (http://localhost:5173/node_modules/.vite/deps/react.js?v=7e7bae02:706:22)
    at ConfigProvider (http://localhost:5173/node_modules/.vite/deps/config-provider-CCgxIGd6.js?v=7e7bae02:3145:31)
    at Object.react_stack_bottom_frame (http://localhost:5173/node_modules/.vite/deps/client-D9ZwVOmx.js?v=890a913d:12868:12)
    at renderWithHooks (http://localhost:5173/node_modules/.vite/deps/client-D9ZwVOmx.js?v=890a913d:4213:19)
    at updateFunctionComponent (http://localhost:5173/node_modules/.vite/deps/client-D9ZwVOmx.js?v=890a913d:5569:16)
    at beginWork (http://localhost:5173/node_modules/.vite/deps/client-D9ZwVOmx.js?v=890a913d:6140:20)
    at runWithFiberInDEV (http://localhost:5173/node_modules/.vite/deps/client-D9ZwVOmx.js?v=890a913d:851:66)
    at performUnitOfWork (http://localhost:5173/node_modules/.vite/deps/client-D9ZwVOmx.js?v=890a913d:8429:92)
    at workLoopSync (http://localhost:5173/node_modules/.vite/deps/client-D9ZwVOmx.js?v=890a913d:8325:37)
    at renderRootSync (http://localhost:5173/node_modules/.vite/deps/client-D9ZwVOmx.js?v=890a913d:8309:6)
[  573271ms] [WARNING] %s

%s
 An error occurred in the <ConfigProvider> component. Consider adding an error boundary to your tree to customize error handling behavior.
Visit https://react.dev/link/error-boundaries to learn more about error boundaries. @ http://localhost:5173/node_modules/.vite/deps/client-D9ZwVOmx.js?v=890a913d:5257
[  573296ms] [ERROR] [vite] Failed to reload /src/features/chat/ui/ChatMessageList.tsx. This could be due to syntax errors or importing non-existent modules. (see errors above) @ http://localhost:5173/@vite/client:904
[  573296ms] [ERROR] [vite] Failed to reload /src/features/chat/ui/ChatWelcome.tsx. This could be due to syntax errors or importing non-existent modules. (see errors above) @ http://localhost:5173/@vite/client:904
[  573400ms] [ERROR] Failed to load resource: the server responded with a status of 504 (Outdated Optimize Dep) @ http://localhost:5173/node_modules/.vite/deps/@ant-design_icons_CopyOutlined.js?v=903df016:0
[  573401ms] [ERROR] Failed to load resource: the server responded with a status of 504 (Outdated Optimize Dep) @ http://localhost:5173/node_modules/.vite/deps/antd_es_button.js?v=903df016:0
[  573401ms] [ERROR] Failed to load resource: the server responded with a status of 504 (Outdated Optimize Dep) @ http://localhost:5173/node_modules/.vite/deps/react-markdown.js?v=903df016:0
[  573401ms] [ERROR] Failed to load resource: the server responded with a status of 504 (Outdated Optimize Dep) @ http://localhost:5173/node_modules/.vite/deps/rehype-sanitize.js?v=903df016:0
[  573402ms] [ERROR] Failed to load resource: the server responded with a status of 504 (Outdated Optimize Dep) @ http://localhost:5173/node_modules/.vite/deps/remark-gfm.js?v=903df016:0
[  573479ms] [ERROR] [vite] Failed to reload /src/features/chat/ui/ChatWorkspace.tsx. This could be due to syntax errors or importing non-existent modules. (see errors above) @ http://localhost:5173/@vite/client:904
[  573479ms] [ERROR] [vite] Failed to reload /src/features/chat/ui/MarkdownMessage.tsx. This could be due to syntax errors or importing non-existent modules. (see errors above) @ http://localhost:5173/@vite/client:904
[  573945ms] [ERROR] [vite] Failed to reload /src/features/conversations/ui/ConversationSidebar.tsx. This could be due to syntax errors or importing non-existent modules. (see errors above) @ http://localhost:5173/@vite/client:904
[  574059ms] [ERROR] Failed to load resource: the server responded with a status of 504 (Outdated Optimize Dep) @ http://localhost:5173/node_modules/.vite/deps/@ant-design_icons_RobotOutlined.js?v=903df016:0
[  574059ms] [ERROR] [vite] Failed to reload /src/shared/ui/BrandMark.tsx. This could be due to syntax errors or importing non-existent modules. (see errors above) @ http://localhost:5173/@vite/client:904
[  574692ms] [INFO] %cDownload the React DevTools for a better development experience: https://react.dev/link/react-devtools font-weight:bold @ http://localhost:5173/node_modules/.vite/deps/client-t3uPpFf6.js?v=7e7bae02:14337
[  574966ms] Error: Element type is invalid: expected a string (for built-in components) or a class/function (for composite components) but got: object.

Check the render method of `BrandMark`.
    at createFiberFromTypeAndProps (http://localhost:5173/node_modules/.vite/deps/client-t3uPpFf6.js?v=7e7bae02:2817:21)
    at createFiberFromElement (http://localhost:5173/node_modules/.vite/deps/client-t3uPpFf6.js?v=7e7bae02:2828:11)
    at reconcileChildFibersImpl (http://localhost:5173/node_modules/.vite/deps/client-t3uPpFf6.js?v=7e7bae02:3813:373)
    at http://localhost:5173/node_modules/.vite/deps/client-t3uPpFf6.js?v=7e7bae02:3869:28
    at reconcileChildren (http://localhost:5173/node_modules/.vite/deps/client-t3uPpFf6.js?v=7e7bae02:5386:46)
    at beginWork (http://localhost:5173/node_modules/.vite/deps/client-t3uPpFf6.js?v=7e7bae02:6200:1569)
    at runWithFiberInDEV (http://localhost:5173/node_modules/.vite/deps/client-t3uPpFf6.js?v=7e7bae02:851:66)
    at performUnitOfWork (http://localhost:5173/node_modules/.vite/deps/client-t3uPpFf6.js?v=7e7bae02:8429:92)
    at workLoopSync (http://localhost:5173/node_modules/.vite/deps/client-t3uPpFf6.js?v=7e7bae02:8325:37)
    at renderRootSync (http://localhost:5173/node_modules/.vite/deps/client-t3uPpFf6.js?v=7e7bae02:8309:6)
[  574955ms] [WARNING] %s

%s
 An error occurred in the <div> component. Consider adding an error boundary to your tree to customize error handling behavior.
Visit https://react.dev/link/error-boundaries to learn more about error boundaries. @ http://localhost:5173/node_modules/.vite/deps/client-t3uPpFf6.js?v=7e7bae02:5257
[  575604ms] Error: Element type is invalid: expected a string (for built-in components) or a class/function (for composite components) but got: object.

Check the render method of `BrandMark`.
    at createFiberFromTypeAndProps (http://localhost:5173/node_modules/.vite/deps/client-t3uPpFf6.js?v=7e7bae02:2817:21)
    at createFiberFromElement (http://localhost:5173/node_modules/.vite/deps/client-t3uPpFf6.js?v=7e7bae02:2828:11)
    at reconcileChildFibersImpl (http://localhost:5173/node_modules/.vite/deps/client-t3uPpFf6.js?v=7e7bae02:3813:373)
    at http://localhost:5173/node_modules/.vite/deps/client-t3uPpFf6.js?v=7e7bae02:3869:28
    at reconcileChildren (http://localhost:5173/node_modules/.vite/deps/client-t3uPpFf6.js?v=7e7bae02:5386:46)
    at beginWork (http://localhost:5173/node_modules/.vite/deps/client-t3uPpFf6.js?v=7e7bae02:6200:1569)
    at runWithFiberInDEV (http://localhost:5173/node_modules/.vite/deps/client-t3uPpFf6.js?v=7e7bae02:851:66)
    at performUnitOfWork (http://localhost:5173/node_modules/.vite/deps/client-t3uPpFf6.js?v=7e7bae02:8429:92)
    at workLoopSync (http://localhost:5173/node_modules/.vite/deps/client-t3uPpFf6.js?v=7e7bae02:8325:37)
    at renderRootSync (http://localhost:5173/node_modules/.vite/deps/client-t3uPpFf6.js?v=7e7bae02:8309:6)
[  575600ms] [WARNING] %s

%s
 An error occurred in the <div> component. Consider adding an error boundary to your tree to customize error handling behavior.
Visit https://react.dev/link/error-boundaries to learn more about error boundaries. @ http://localhost:5173/node_modules/.vite/deps/client-t3uPpFf6.js?v=7e7bae02:5257
[  617243ms] [INFO] %cDownload the React DevTools for a better development experience: https://react.dev/link/react-devtools font-weight:bold @ http://localhost:5173/node_modules/.vite/deps/client-t3uPpFf6.js?v=7e7bae02:14337
[  617361ms] Error: Element type is invalid: expected a string (for built-in components) or a class/function (for composite components) but got: object.

Check the render method of `BrandMark`.
    at createFiberFromTypeAndProps (http://localhost:5173/node_modules/.vite/deps/client-t3uPpFf6.js?v=7e7bae02:2817:21)
    at createFiberFromElement (http://localhost:5173/node_modules/.vite/deps/client-t3uPpFf6.js?v=7e7bae02:2828:11)
    at reconcileChildFibersImpl (http://localhost:5173/node_modules/.vite/deps/client-t3uPpFf6.js?v=7e7bae02:3813:373)
    at http://localhost:5173/node_modules/.vite/deps/client-t3uPpFf6.js?v=7e7bae02:3869:28
    at reconcileChildren (http://localhost:5173/node_modules/.vite/deps/client-t3uPpFf6.js?v=7e7bae02:5386:46)
    at beginWork (http://localhost:5173/node_modules/.vite/deps/client-t3uPpFf6.js?v=7e7bae02:6200:1569)
    at runWithFiberInDEV (http://localhost:5173/node_modules/.vite/deps/client-t3uPpFf6.js?v=7e7bae02:851:66)
    at performUnitOfWork (http://localhost:5173/node_modules/.vite/deps/client-t3uPpFf6.js?v=7e7bae02:8429:92)
    at workLoopSync (http://localhost:5173/node_modules/.vite/deps/client-t3uPpFf6.js?v=7e7bae02:8325:37)
    at renderRootSync (http://localhost:5173/node_modules/.vite/deps/client-t3uPpFf6.js?v=7e7bae02:8309:6)
[  617336ms] [WARNING] %s

%s
 An error occurred in the <div> component. Consider adding an error boundary to your tree to customize error handling behavior.
Visit https://react.dev/link/error-boundaries to learn more about error boundaries. @ http://localhost:5173/node_modules/.vite/deps/client-t3uPpFf6.js?v=7e7bae02:5257
[  667176ms] Error: Element type is invalid: expected a string (for built-in components) or a class/function (for composite components) but got: object.

Check the render method of `BrandMark`.
    at createFiberFromTypeAndProps (http://localhost:5173/node_modules/.vite/deps/client-t3uPpFf6.js?v=7e7bae02:2817:21)
    at createFiberFromElement (http://localhost:5173/node_modules/.vite/deps/client-t3uPpFf6.js?v=7e7bae02:2828:11)
    at reconcileChildFibersImpl (http://localhost:5173/node_modules/.vite/deps/client-t3uPpFf6.js?v=7e7bae02:3813:373)
    at http://localhost:5173/node_modules/.vite/deps/client-t3uPpFf6.js?v=7e7bae02:3869:28
    at reconcileChildren (http://localhost:5173/node_modules/.vite/deps/client-t3uPpFf6.js?v=7e7bae02:5386:46)
    at beginWork (http://localhost:5173/node_modules/.vite/deps/client-t3uPpFf6.js?v=7e7bae02:6200:1569)
    at runWithFiberInDEV (http://localhost:5173/node_modules/.vite/deps/client-t3uPpFf6.js?v=7e7bae02:851:66)
    at performUnitOfWork (http://localhost:5173/node_modules/.vite/deps/client-t3uPpFf6.js?v=7e7bae02:8429:92)
    at workLoopSync (http://localhost:5173/node_modules/.vite/deps/client-t3uPpFf6.js?v=7e7bae02:8325:37)
    at renderRootSync (http://localhost:5173/node_modules/.vite/deps/client-t3uPpFf6.js?v=7e7bae02:8309:6)
[  667170ms] [WARNING] %s

%s
 An error occurred in the <div> component. Consider adding an error boundary to your tree to customize error handling behavior.
Visit https://react.dev/link/error-boundaries to learn more about error boundaries. @ http://localhost:5173/node_modules/.vite/deps/client-t3uPpFf6.js?v=7e7bae02:5257
[  672678ms] [INFO] %cDownload the React DevTools for a better development experience: https://react.dev/link/react-devtools font-weight:bold @ http://localhost:5173/node_modules/.vite/deps/client-DArBEXjY.js?v=72b803b4:14337
[  672816ms] Error: Element type is invalid: expected a string (for built-in components) or a class/function (for composite components) but got: object.

Check the render method of `BrandMark`.
    at createFiberFromTypeAndProps (http://localhost:5173/node_modules/.vite/deps/client-t3uPpFf6.js?v=7e7bae02:2817:21)
    at createFiberFromElement (http://localhost:5173/node_modules/.vite/deps/client-t3uPpFf6.js?v=7e7bae02:2828:11)
    at reconcileChildFibersImpl (http://localhost:5173/node_modules/.vite/deps/client-t3uPpFf6.js?v=7e7bae02:3813:373)
    at http://localhost:5173/node_modules/.vite/deps/client-t3uPpFf6.js?v=7e7bae02:3869:28
    at reconcileChildren (http://localhost:5173/node_modules/.vite/deps/client-t3uPpFf6.js?v=7e7bae02:5386:46)
    at beginWork (http://localhost:5173/node_modules/.vite/deps/client-t3uPpFf6.js?v=7e7bae02:6200:1569)
    at runWithFiberInDEV (http://localhost:5173/node_modules/.vite/deps/client-t3uPpFf6.js?v=7e7bae02:851:66)
    at performUnitOfWork (http://localhost:5173/node_modules/.vite/deps/client-t3uPpFf6.js?v=7e7bae02:8429:92)
    at workLoopSync (http://localhost:5173/node_modules/.vite/deps/client-t3uPpFf6.js?v=7e7bae02:8325:37)
    at renderRootSync (http://localhost:5173/node_modules/.vite/deps/client-t3uPpFf6.js?v=7e7bae02:8309:6)
[  672806ms] [WARNING] %s

%s
 An error occurred in the <div> component. Consider adding an error boundary to your tree to customize error handling behavior.
Visit https://react.dev/link/error-boundaries to learn more about error boundaries. @ http://localhost:5173/node_modules/.vite/deps/client-t3uPpFf6.js?v=7e7bae02:5257
[  678138ms] [INFO] %cDownload the React DevTools for a better development experience: https://react.dev/link/react-devtools font-weight:bold @ http://localhost:5173/node_modules/.vite/deps/client-AImEmBK5.js?v=671db1bf:14337
[  678300ms] Error: Element type is invalid: expected a string (for built-in components) or a class/function (for composite components) but got: object.

Check the render method of `BrandMark`.
    at createFiberFromTypeAndProps (http://localhost:5173/node_modules/.vite/deps/client-t3uPpFf6.js?v=7e7bae02:2817:21)
    at createFiberFromElement (http://localhost:5173/node_modules/.vite/deps/client-t3uPpFf6.js?v=7e7bae02:2828:11)
    at reconcileChildFibersImpl (http://localhost:5173/node_modules/.vite/deps/client-t3uPpFf6.js?v=7e7bae02:3813:373)
    at http://localhost:5173/node_modules/.vite/deps/client-t3uPpFf6.js?v=7e7bae02:3869:28
    at reconcileChildren (http://localhost:5173/node_modules/.vite/deps/client-t3uPpFf6.js?v=7e7bae02:5386:46)
    at beginWork (http://localhost:5173/node_modules/.vite/deps/client-t3uPpFf6.js?v=7e7bae02:6200:1569)
    at runWithFiberInDEV (http://localhost:5173/node_modules/.vite/deps/client-t3uPpFf6.js?v=7e7bae02:851:66)
    at performUnitOfWork (http://localhost:5173/node_modules/.vite/deps/client-t3uPpFf6.js?v=7e7bae02:8429:92)
    at workLoopSync (http://localhost:5173/node_modules/.vite/deps/client-t3uPpFf6.js?v=7e7bae02:8325:37)
    at renderRootSync (http://localhost:5173/node_modules/.vite/deps/client-t3uPpFf6.js?v=7e7bae02:8309:6)
[  678264ms] [WARNING] %s

%s
 An error occurred in the <div> component. Consider adding an error boundary to your tree to customize error handling behavior.
Visit https://react.dev/link/error-boundaries to learn more about error boundaries. @ http://localhost:5173/node_modules/.vite/deps/client-t3uPpFf6.js?v=7e7bae02:5257
[  688846ms] [INFO] %cDownload the React DevTools for a better development experience: https://react.dev/link/react-devtools font-weight:bold @ http://localhost:5173/node_modules/.vite/deps/client-Cao5EOI0.js?v=7d499027:14337
[  688976ms] [ERROR] Invalid hook call. Hooks can only be called inside of the body of a function component. This could happen for one of the following reasons:
1. You might have mismatching versions of React and the renderer (such as React DOM)
2. You might be breaking the Rules of Hooks
3. You might have more than one copy of React in the same app
See https://react.dev/link/invalid-hook-call for tips about how to debug and fix this problem. @ http://localhost:5173/node_modules/.vite/deps/react.js?v=7d499027:296
[  688988ms] [ERROR] Invalid hook call. Hooks can only be called inside of the body of a function component. This could happen for one of the following reasons:
1. You might have mismatching versions of React and the renderer (such as React DOM)
2. You might be breaking the Rules of Hooks
3. You might have more than one copy of React in the same app
See https://react.dev/link/invalid-hook-call for tips about how to debug and fix this problem. @ http://localhost:5173/node_modules/.vite/deps/react.js?v=7d499027:296
[  689025ms] TypeError: Cannot read properties of null (reading 'useDeferredValue')
    at exports.useDeferredValue (http://localhost:5173/node_modules/.vite/deps/react.js?v=7d499027:712:30)
    at ConversationSidebar (http://localhost:5173/src/features/conversations/ui/ConversationSidebar.tsx?t=1775468960634:115:24)
    at Object.react_stack_bottom_frame (http://localhost:5173/node_modules/.vite/deps/client-t3uPpFf6.js?v=7e7bae02:12868:12)
    at renderWithHooks (http://localhost:5173/node_modules/.vite/deps/client-t3uPpFf6.js?v=7e7bae02:4213:19)
    at updateFunctionComponent (http://localhost:5173/node_modules/.vite/deps/client-t3uPpFf6.js?v=7e7bae02:5569:16)
    at beginWork (http://localhost:5173/node_modules/.vite/deps/client-t3uPpFf6.js?v=7e7bae02:6140:20)
    at runWithFiberInDEV (http://localhost:5173/node_modules/.vite/deps/client-t3uPpFf6.js?v=7e7bae02:851:66)
    at performUnitOfWork (http://localhost:5173/node_modules/.vite/deps/client-t3uPpFf6.js?v=7e7bae02:8429:92)
    at workLoopSync (http://localhost:5173/node_modules/.vite/deps/client-t3uPpFf6.js?v=7e7bae02:8325:37)
    at renderRootSync (http://localhost:5173/node_modules/.vite/deps/client-t3uPpFf6.js?v=7e7bae02:8309:6)
[  688989ms] [WARNING] %s

%s
 An error occurred in the <ConversationSidebar> component. Consider adding an error boundary to your tree to customize error handling behavior.
Visit https://react.dev/link/error-boundaries to learn more about error boundaries. @ http://localhost:5173/node_modules/.vite/deps/client-t3uPpFf6.js?v=7e7bae02:5257
[  690405ms] [INFO] %cDownload the React DevTools for a better development experience: https://react.dev/link/react-devtools font-weight:bold @ http://localhost:5173/node_modules/.vite/deps/client-CB70yW9O.js?v=dbf447e5:14337
[  711989ms] Error: Element type is invalid: expected a string (for built-in components) or a class/function (for composite components) but got: object.

Check the render method of `BrandMark`.
    at createFiberFromTypeAndProps (http://localhost:5173/node_modules/.vite/deps/client-CB70yW9O.js?v=dbf447e5:2817:21)
    at createFiberFromElement (http://localhost:5173/node_modules/.vite/deps/client-CB70yW9O.js?v=dbf447e5:2828:11)
    at reconcileChildFibersImpl (http://localhost:5173/node_modules/.vite/deps/client-CB70yW9O.js?v=dbf447e5:3813:373)
    at http://localhost:5173/node_modules/.vite/deps/client-CB70yW9O.js?v=dbf447e5:3869:28
    at reconcileChildren (http://localhost:5173/node_modules/.vite/deps/client-CB70yW9O.js?v=dbf447e5:5386:114)
    at beginWork (http://localhost:5173/node_modules/.vite/deps/client-CB70yW9O.js?v=dbf447e5:6200:1569)
    at runWithFiberInDEV (http://localhost:5173/node_modules/.vite/deps/client-CB70yW9O.js?v=dbf447e5:851:66)
    at performUnitOfWork (http://localhost:5173/node_modules/.vite/deps/client-CB70yW9O.js?v=dbf447e5:8429:92)
    at workLoopSync (http://localhost:5173/node_modules/.vite/deps/client-CB70yW9O.js?v=dbf447e5:8325:37)
    at renderRootSync (http://localhost:5173/node_modules/.vite/deps/client-CB70yW9O.js?v=dbf447e5:8309:6)
[  711990ms] [WARNING] %s

%s
 An error occurred in the <div> component. Consider adding an error boundary to your tree to customize error handling behavior.
Visit https://react.dev/link/error-boundaries to learn more about error boundaries. @ http://localhost:5173/node_modules/.vite/deps/client-CB70yW9O.js?v=dbf447e5:5257
[ 1226965ms] [LOG] [vite] server connection lost. Polling for restart... @ http://localhost:5173/@vite/client:968
[ 1230360ms] [INFO] %cDownload the React DevTools for a better development experience: https://react.dev/link/react-devtools font-weight:bold @ http://localhost:5173/node_modules/.vite/deps/client-CB70yW9O.js?v=dbf447e5:14337
[ 1230500ms] Error: Element type is invalid: expected a string (for built-in components) or a class/function (for composite components) but got: object.

Check the render method of `BrandMark`.
    at createFiberFromTypeAndProps (http://localhost:5173/node_modules/.vite/deps/client-CB70yW9O.js?v=dbf447e5:2817:21)
    at createFiberFromElement (http://localhost:5173/node_modules/.vite/deps/client-CB70yW9O.js?v=dbf447e5:2828:11)
    at reconcileChildFibersImpl (http://localhost:5173/node_modules/.vite/deps/client-CB70yW9O.js?v=dbf447e5:3813:373)
    at http://localhost:5173/node_modules/.vite/deps/client-CB70yW9O.js?v=dbf447e5:3869:28
    at reconcileChildren (http://localhost:5173/node_modules/.vite/deps/client-CB70yW9O.js?v=dbf447e5:5386:46)
    at beginWork (http://localhost:5173/node_modules/.vite/deps/client-CB70yW9O.js?v=dbf447e5:6200:1569)
    at runWithFiberInDEV (http://localhost:5173/node_modules/.vite/deps/client-CB70yW9O.js?v=dbf447e5:851:66)
    at performUnitOfWork (http://localhost:5173/node_modules/.vite/deps/client-CB70yW9O.js?v=dbf447e5:8429:92)
    at workLoopSync (http://localhost:5173/node_modules/.vite/deps/client-CB70yW9O.js?v=dbf447e5:8325:37)
    at renderRootSync (http://localhost:5173/node_modules/.vite/deps/client-CB70yW9O.js?v=dbf447e5:8309:6)
[ 1230498ms] [WARNING] %s

%s
 An error occurred in the <div> component. Consider adding an error boundary to your tree to customize error handling behavior.
Visit https://react.dev/link/error-boundaries to learn more about error boundaries. @ http://localhost:5173/node_modules/.vite/deps/client-CB70yW9O.js?v=dbf447e5:5257
