[     639ms] [INFO] %cDownload the React DevTools for a better development experience: https://react.dev/link/react-devtools font-weight:bold @ http://localhost:5173/node_modules/.vite/deps/client-CB70yW9O.js?v=dbf447e5:14337
[     840ms] Error: Element type is invalid: expected a string (for built-in components) or a class/function (for composite components) but got: object.

Check the render method of `BrandMark`.
    at createFiberFromTypeAndProps (http://localhost:5173/node_modules/.vite/deps/client-CB70yW9O.js?v=dbf447e5:2817:21)
    at createFiberFromElement (http://localhost:5173/node_modules/.vite/deps/client-CB70yW9O.js?v=dbf447e5:2828:11)
    at reconcileChildFibersImpl (http://localhost:5173/node_modules/.vite/deps/client-CB70yW9O.js?v=dbf447e5:3813:373)
    at http://localhost:5173/node_modules/.vite/deps/client-CB70yW9O.js?v=dbf447e5:3869:28
    at reconcileChildren (http://localhost:5173/node_modules/.vite/deps/client-CB70yW9O.js?v=dbf447e5:5386:46)
    at beginWork (http://localhost:5173/node_modules/.vite/deps/client-CB70yW9O.js?v=dbf447e5:6200:1569)
    at runWithFiberInDEV (http://localhost:5173/node_modules/.vite/deps/client-CB70yW9O.js?v=dbf447e5:851:66)
    at performUnitOfWork (http://localhost:5173/node_modules/.vite/deps/client-CB70yW9O.js?v=dbf447e5:8429:92)
    at workLoopSync (http://localhost:5173/node_modules/.vite/deps/client-CB70yW9O.js?v=dbf447e5:8325:37)
    at renderRootSync (http://localhost:5173/node_modules/.vite/deps/client-CB70yW9O.js?v=dbf447e5:8309:6)
[     838ms] [WARNING] %s

%s
 An error occurred in the <div> component. Consider adding an error boundary to your tree to customize error handling behavior.
Visit https://react.dev/link/error-boundaries to learn more about error boundaries. @ http://localhost:5173/node_modules/.vite/deps/client-CB70yW9O.js?v=dbf447e5:5257
[  126342ms] Error: Element type is invalid: expected a string (for built-in components) or a class/function (for composite components) but got: object.

Check the render method of `BrandMark`.
    at createFiberFromTypeAndProps (http://localhost:5173/node_modules/.vite/deps/client-CB70yW9O.js?v=dbf447e5:2817:21)
    at createFiberFromElement (http://localhost:5173/node_modules/.vite/deps/client-CB70yW9O.js?v=dbf447e5:2828:11)
    at reconcileChildFibersImpl (http://localhost:5173/node_modules/.vite/deps/client-CB70yW9O.js?v=dbf447e5:3813:373)
    at http://localhost:5173/node_modules/.vite/deps/client-CB70yW9O.js?v=dbf447e5:3869:28
    at reconcileChildren (http://localhost:5173/node_modules/.vite/deps/client-CB70yW9O.js?v=dbf447e5:5386:46)
    at beginWork (http://localhost:5173/node_modules/.vite/deps/client-CB70yW9O.js?v=dbf447e5:6200:1569)
    at runWithFiberInDEV (http://localhost:5173/node_modules/.vite/deps/client-CB70yW9O.js?v=dbf447e5:851:66)
    at performUnitOfWork (http://localhost:5173/node_modules/.vite/deps/client-CB70yW9O.js?v=dbf447e5:8429:92)
    at workLoopSync (http://localhost:5173/node_modules/.vite/deps/client-CB70yW9O.js?v=dbf447e5:8325:37)
    at renderRootSync (http://localhost:5173/node_modules/.vite/deps/client-CB70yW9O.js?v=dbf447e5:8309:6)
[  126341ms] [WARNING] %s

%s
 An error occurred in the <div> component. Consider adding an error boundary to your tree to customize error handling behavior.
Visit https://react.dev/link/error-boundaries to learn more about error boundaries. @ http://localhost:5173/node_modules/.vite/deps/client-CB70yW9O.js?v=dbf447e5:5257
[  126391ms] Error: Element type is invalid: expected a string (for built-in components) or a class/function (for composite components) but got: object.

Check the render method of `BrandMark`.
    at createFiberFromTypeAndProps (http://localhost:5173/node_modules/.vite/deps/client-CB70yW9O.js?v=dbf447e5:2817:21)
    at createFiberFromElement (http://localhost:5173/node_modules/.vite/deps/client-CB70yW9O.js?v=dbf447e5:2828:11)
    at reconcileChildFibersImpl (http://localhost:5173/node_modules/.vite/deps/client-CB70yW9O.js?v=dbf447e5:3813:373)
    at http://localhost:5173/node_modules/.vite/deps/client-CB70yW9O.js?v=dbf447e5:3869:28
    at reconcileChildren (http://localhost:5173/node_modules/.vite/deps/client-CB70yW9O.js?v=dbf447e5:5386:46)
    at beginWork (http://localhost:5173/node_modules/.vite/deps/client-CB70yW9O.js?v=dbf447e5:6200:1569)
    at runWithFiberInDEV (http://localhost:5173/node_modules/.vite/deps/client-CB70yW9O.js?v=dbf447e5:851:66)
    at performUnitOfWork (http://localhost:5173/node_modules/.vite/deps/client-CB70yW9O.js?v=dbf447e5:8429:92)
    at workLoopSync (http://localhost:5173/node_modules/.vite/deps/client-CB70yW9O.js?v=dbf447e5:8325:37)
    at renderRootSync (http://localhost:5173/node_modules/.vite/deps/client-CB70yW9O.js?v=dbf447e5:8309:6)
[  126390ms] [WARNING] %s

%s
 An error occurred in the <div> component. Consider adding an error boundary to your tree to customize error handling behavior.
Visit https://react.dev/link/error-boundaries to learn more about error boundaries. @ http://localhost:5173/node_modules/.vite/deps/client-CB70yW9O.js?v=dbf447e5:5257
[  168447ms] [INFO] %cDownload the React DevTools for a better development experience: https://react.dev/link/react-devtools font-weight:bold @ http://localhost:5173/node_modules/.vite/deps/client-CB70yW9O.js?v=dbf447e5:14337
[ 2057049ms] [ERROR] Failed to load resource: the server responded with a status of 500 (Internal Server Error) @ http://localhost:5173/src/pages/chat/ChatPage.tsx:0
[ 2057049ms] [ERROR] [vite] Failed to reload /src/app/App.tsx. This could be due to syntax errors or importing non-existent modules. (see errors above) @ http://localhost:5173/@vite/client:904
[ 2057272ms] [ERROR] Failed to load resource: the server responded with a status of 500 (Internal Server Error) @ http://localhost:5173/src/pages/chat/ChatPage.tsx:0
[ 2095694ms] [ERROR] Failed to load resource: the server responded with a status of 500 (Internal Server Error) @ http://localhost:5173/src/pages/chat/ChatPage.tsx?t=1775471777967:0
[ 2121930ms] [ERROR] Failed to load resource: the server responded with a status of 500 (Internal Server Error) @ http://localhost:5173/src/pages/chat/ChatPage.tsx?t=1775471803960:0
[ 2212841ms] [ERROR] Failed to load resource: the server responded with a status of 500 (Internal Server Error) @ http://localhost:5173/src/pages/chat/ChatPage.tsx?t=1775471894869:0
[ 2249649ms] [ERROR] Failed to load resource: the server responded with a status of 500 (Internal Server Error) @ http://localhost:5173/src/pages/chat/ChatPage.tsx?t=1775471931979:0
[ 2285713ms] [ERROR] Failed to load resource: the server responded with a status of 500 (Internal Server Error) @ http://localhost:5173/src/pages/chat/ChatPage.tsx?t=1775471967754:0
[ 2332405ms] [ERROR] Failed to load resource: the server responded with a status of 500 (Internal Server Error) @ http://localhost:5173/src/pages/chat/ChatPage.tsx?t=1775472014732:0
[ 2514844ms] [INFO] %cDownload the React DevTools for a better development experience: https://react.dev/link/react-devtools font-weight:bold @ http://localhost:5173/node_modules/.vite/deps/client-CB70yW9O.js?v=dbf447e5:14337
[ 2899568ms] [INFO] %cDownload the React DevTools for a better development experience: https://react.dev/link/react-devtools font-weight:bold @ http://localhost:5173/node_modules/.vite/deps/client-CB70yW9O.js?v=dbf447e5:14337
[ 3164809ms] [ERROR] The final argument passed to %s changed size between renders. The order and size of this array must remain constant.

Previous: %s
Incoming: %s useEffect [, function() {
				if ((executionContext & RenderContext) !== NoContext) throw Error("A function wrapped in useEffectEvent can't be called during rendering.");
				return ref.impl.apply(void 0, arguments);
			}] [] @ http://localhost:5173/node_modules/.vite/deps/client-CB70yW9O.js?v=dbf447e5:4196
[ 3164809ms] [ERROR] The final argument passed to %s changed size between renders. The order and size of this array must remain constant.

Previous: %s
Incoming: %s useEffect [, , , , function() {
				if ((executionContext & RenderContext) !== NoContext) throw Error("A function wrapped in useEffectEvent can't be called during rendering.");
				return ref.impl.apply(void 0, arguments);
			}] [, , , ] @ http://localhost:5173/node_modules/.vite/deps/client-CB70yW9O.js?v=dbf447e5:4196
[ 3183378ms] [LOG] [vite] server connection lost. Polling for restart... @ http://localhost:5173/@vite/client:968
[ 3202449ms] [INFO] %cDownload the React DevTools for a better development experience: https://react.dev/link/react-devtools font-weight:bold @ http://localhost:5173/node_modules/.vite/deps/client-BalLNQee.js?v=6ef2bc37:14337
[ 6757960ms] [LOG] [vite] server connection lost. Polling for restart... @ http://localhost:5173/@vite/client:968
