[    1472ms] [INFO] %cDownload the React DevTools for a better development experience: https://react.dev/link/react-devtools font-weight:bold @ http://localhost:5173/node_modules/.vite/deps/client-BE7ml_cR.js?v=cf5e951e:14516
[    2203ms] [ERROR] Failed to load resource: the server responded with a status of 404 (Not Found) @ http://localhost:5173/favicon.ico:0
[    2294ms] [ERROR] The result of getSnapshot should be cached to avoid an infinite loop @ http://localhost:5173/node_modules/.vite/deps/client-BE7ml_cR.js?v=cf5e951e:4694
[    3268ms] Error: Maximum update depth exceeded. This can happen when a component repeatedly calls setState inside componentWillUpdate or componentDidUpdate. React limits the number of nested updates to prevent infinite loops.
    at getRootForUpdatedFiber (http://localhost:5173/node_modules/.vite/deps/client-BE7ml_cR.js?v=cf5e951e:2812:166)
    at enqueueConcurrentRenderForLane (http://localhost:5173/node_modules/.vite/deps/client-BE7ml_cR.js?v=cf5e951e:2802:11)
    at forceStoreRerender (http://localhost:5173/node_modules/.vite/deps/client-BE7ml_cR.js?v=cf5e951e:4760:15)
    at updateStoreInstance (http://localhost:5173/node_modules/.vite/deps/client-BE7ml_cR.js?v=cf5e951e:4742:36)
    at Object.react_stack_bottom_frame (http://localhost:5173/node_modules/.vite/deps/client-BE7ml_cR.js?v=cf5e951e:13083:13)
    at runWithFiberInDEV (http://localhost:5173/node_modules/.vite/deps/client-BE7ml_cR.js?v=cf5e951e:1030:66)
    at commitHookEffectListMount (http://localhost:5173/node_modules/.vite/deps/client-BE7ml_cR.js?v=cf5e951e:6796:153)
    at commitHookPassiveMountEffects (http://localhost:5173/node_modules/.vite/deps/client-BE7ml_cR.js?v=cf5e951e:6831:55)
    at commitPassiveMountOnFiber (http://localhost:5173/node_modules/.vite/deps/client-BE7ml_cR.js?v=cf5e951e:7797:22)
    at recursivelyTraversePassiveMountEffects (http://localhost:5173/node_modules/.vite/deps/client-BE7ml_cR.js?v=cf5e951e:7785:5)
[    3267ms] [WARNING] %s

%s
 An error occurred in the <ChatWorkspace> component. Consider adding an error boundary to your tree to customize error handling behavior.
Visit https://react.dev/link/error-boundaries to learn more about error boundaries. @ http://localhost:5173/node_modules/.vite/deps/client-BE7ml_cR.js?v=cf5e951e:5436
[  171879ms] [INFO] %cDownload the React DevTools for a better development experience: https://react.dev/link/react-devtools font-weight:bold @ http://localhost:5173/node_modules/.vite/deps/client-BE7ml_cR.js?v=cf5e951e:14516
[  255334ms] [LOG] [vite] server connection lost. Polling for restart... @ http://localhost:5173/@vite/client:968
[  267693ms] [INFO] %cDownload the React DevTools for a better development experience: https://react.dev/link/react-devtools font-weight:bold @ http://localhost:5173/node_modules/.vite/deps/client-D9ZwVOmx.js?v=49c14000:14337
[  360323ms] [LOG] [vite] server connection lost. Polling for restart... @ http://localhost:5173/@vite/client:968
[  365977ms] [INFO] %cDownload the React DevTools for a better development experience: https://react.dev/link/react-devtools font-weight:bold @ http://localhost:5173/node_modules/.vite/deps/client-D9ZwVOmx.js?v=d732df49:14337
[  380938ms] [INFO] %cDownload the React DevTools for a better development experience: https://react.dev/link/react-devtools font-weight:bold @ http://localhost:5173/node_modules/.vite/deps/client-D9ZwVOmx.js?v=d732df49:14337
[  655569ms] [LOG] [vite] server connection lost. Polling for restart... @ http://localhost:5173/@vite/client:968
